TN:
SF:src/App.tsx
FN:12,App
FNF:1
FNH:0
FNDA:0,App
DA:1,0
DA:2,0
DA:3,0
DA:4,0
DA:5,0
DA:6,0
DA:7,0
DA:8,0
DA:10,0
DA:13,0
DA:32,0
LF:11
LH:0
BRF:0
BRH:0
end_of_record
TN:
SF:src/main.tsx
FNF:0
FNH:0
DA:1,0
DA:2,0
DA:3,0
DA:5,0
LF:4
LH:0
BRF:0
BRH:0
end_of_record
TN:
SF:src/components/AppSidebar.tsx
FN:46,AppSidebar
FN:54,(anonymous_1)
FNF:2
FNH:0
FNDA:0,AppSidebar
FNDA:0,(anonymous_1)
DA:1,0
DA:2,0
DA:13,0
DA:46,0
DA:47,0
DA:55,0
LF:6
LH:0
BRF:0
BRH:0
end_of_record
TN:
SF:src/components/RepoManager.tsx
FN:23,RepoManager
FN:36,(anonymous_1)
FN:37,(anonymous_2)
FN:44,(anonymous_3)
FN:45,(anonymous_4)
FN:61,(anonymous_5)
FN:65,(anonymous_6)
FN:86,(anonymous_7)
FN:96,(anonymous_8)
FN:96,(anonymous_9)
FN:116,(anonymous_10)
FN:126,(anonymous_11)
FN:126,(anonymous_12)
FN:147,(anonymous_13)
FN:175,(anonymous_14)
FN:249,(anonymous_15)
FN:269,(anonymous_16)
FN:282,(anonymous_17)
FN:289,(anonymous_18)
FN:298,(anonymous_19)
FN:305,(anonymous_20)
FN:305,(anonymous_21)
FN:312,(anonymous_22)
FN:316,(anonymous_23)
FNF:24
FNH:0
FNDA:0,RepoManager
FNDA:0,(anonymous_1)
FNDA:0,(anonymous_2)
FNDA:0,(anonymous_3)
FNDA:0,(anonymous_4)
FNDA:0,(anonymous_5)
FNDA:0,(anonymous_6)
FNDA:0,(anonymous_7)
FNDA:0,(anonymous_8)
FNDA:0,(anonymous_9)
FNDA:0,(anonymous_10)
FNDA:0,(anonymous_11)
FNDA:0,(anonymous_12)
FNDA:0,(anonymous_13)
FNDA:0,(anonymous_14)
FNDA:0,(anonymous_15)
FNDA:0,(anonymous_16)
FNDA:0,(anonymous_17)
FNDA:0,(anonymous_18)
FNDA:0,(anonymous_19)
FNDA:0,(anonymous_20)
FNDA:0,(anonymous_21)
FNDA:0,(anonymous_22)
FNDA:0,(anonymous_23)
DA:1,0
DA:2,0
DA:3,0
DA:4,0
DA:5,0
DA:6,0
DA:16,0
DA:18,0
DA:19,0
DA:20,0
DA:21,0
DA:23,0
DA:24,0
DA:25,0
DA:26,0
DA:27,0
DA:28,0
DA:29,0
DA:30,0
DA:32,0
DA:33,0
DA:34,0
DA:36,0
DA:37,0
DA:44,0
DA:45,0
DA:61,0
DA:62,0
DA:65,0
DA:66,0
DA:67,0
DA:72,0
DA:74,0
DA:75,0
DA:77,0
DA:78,0
DA:86,0
DA:87,0
DA:88,0
DA:89,0
DA:94,0
DA:96,0
DA:98,0
DA:103,0
DA:104,0
DA:110,0
DA:111,0
DA:112,0
DA:116,0
DA:117,0
DA:118,0
DA:119,0
DA:124,0
DA:126,0
DA:127,0
DA:130,0
DA:135,0
DA:136,0
DA:142,0
DA:143,0
DA:147,0
DA:148,0
DA:149,0
DA:150,0
DA:157,0
DA:159,0
DA:164,0
DA:165,0
DA:171,0
DA:175,0
DA:176,0
DA:177,0
DA:180,0
DA:186,0
DA:191,0
DA:193,0
DA:195,0
DA:200,0
DA:201,0
DA:207,0
DA:211,0
DA:250,0
DA:251,0
DA:269,0
DA:283,0
DA:284,0
DA:289,0
DA:298,0
DA:305,0
DA:312,0
DA:316,0
LF:91
LH:0
BRDA:36,0,0,0
BRDA:56,1,0,0
BRDA:56,1,1,0
BRDA:57,2,0,0
BRDA:57,2,1,0
BRDA:72,3,0,0
BRDA:74,4,0,0
BRDA:74,4,1,0
BRDA:94,5,0,0
BRDA:124,6,0,0
BRDA:127,7,0,0
BRDA:127,7,1,0
BRDA:191,8,0,0
BRDA:225,9,0,0
BRDA:225,9,1,0
BRDA:227,10,0,0
BRDA:227,10,1,0
BRDA:228,11,0,0
BRDA:228,11,1,0
BRDA:238,12,0,0
BRDA:238,12,1,0
BRDA:258,13,0,0
BRDA:258,13,1,0
BRDA:289,14,0,0
BRDA:289,14,1,0
BRDA:298,15,0,0
BRDA:298,15,1,0
BRDA:304,16,0,0
BRDA:304,16,1,0
BRDA:304,17,0,0
BRDA:304,17,1,0
BRDA:304,18,0,0
BRDA:304,18,1,0
BRDA:305,19,0,0
BRDA:305,19,1,0
BRDA:316,20,0,0
BRDA:316,20,1,0
BRDA:316,21,0,0
BRDA:316,21,1,0
BRF:39
BRH:0
end_of_record
TN:
SF:src/components/home/FeatureGrid.tsx
FN:45,(anonymous_0)
FN:49,(anonymous_1)
FNF:2
FNH:0
FNDA:0,(anonymous_0)
FNDA:0,(anonymous_1)
DA:1,0
DA:2,0
DA:10,0
DA:12,0
DA:45,0
DA:46,0
DA:50,0
LF:7
LH:0
BRF:0
BRH:0
end_of_record
TN:
SF:src/components/home/HeroSection.tsx
FN:5,(anonymous_0)
FNF:1
FNH:0
FNDA:0,(anonymous_0)
DA:1,0
DA:2,0
DA:3,0
DA:5,0
DA:6,0
LF:5
LH:0
BRF:0
BRH:0
end_of_record
TN:
SF:src/components/repository/ConsoleOutput.tsx
FN:14,ConsoleOutput
FN:18,(anonymous_1)
FN:20,(anonymous_2)
FN:23,(anonymous_3)
FN:29,(anonymous_4)
FN:65,(anonymous_5)
FNF:6
FNH:0
FNDA:0,ConsoleOutput
FNDA:0,(anonymous_1)
FNDA:0,(anonymous_2)
FNDA:0,(anonymous_3)
FNDA:0,(anonymous_4)
FNDA:0,(anonymous_5)
DA:1,0
DA:2,0
DA:3,0
DA:5,0
DA:6,0
DA:14,0
DA:15,0
DA:16,0
DA:18,0
DA:19,0
DA:20,0
DA:23,0
DA:24,0
DA:25,0
DA:29,0
DA:33,0
DA:66,0
LF:17
LH:0
BRDA:50,0,0,0
BRDA:50,0,1,0
BRDA:51,1,0,0
BRDA:51,1,1,0
BRDA:58,2,0,0
BRDA:58,2,1,0
BRDA:63,3,0,0
BRDA:63,3,1,0
BRDA:69,4,0,0
BRDA:69,4,1,0
BRDA:70,5,0,0
BRDA:70,5,1,0
BRDA:77,6,0,0
BRDA:77,6,1,0
BRDA:84,7,0,0
BRDA:84,7,1,0
BRF:16
BRH:0
end_of_record
TN:
SF:src/components/repository/RepositoryForm.tsx
FN:12,RepositoryForm
FN:18,(anonymous_1)
FN:89,(anonymous_2)
FN:103,(anonymous_3)
FNF:4
FNH:0
FNDA:0,RepositoryForm
FNDA:0,(anonymous_1)
FNDA:0,(anonymous_2)
FNDA:0,(anonymous_3)
DA:1,0
DA:2,0
DA:3,0
DA:4,0
DA:5,0
DA:6,0
DA:12,0
DA:13,0
DA:14,0
DA:15,0
DA:16,0
DA:18,0
DA:19,0
DA:21,0
DA:22,0
DA:27,0
DA:30,0
DA:31,0
DA:32,0
DA:44,0
DA:47,0
DA:54,0
DA:55,0
DA:56,0
DA:58,0
DA:63,0
DA:64,0
DA:70,0
DA:74,0
DA:89,0
DA:103,0
LF:31
LH:0
BRDA:21,0,0,0
BRDA:36,1,0,0
BRDA:36,1,1,0
BRDA:36,2,0,0
BRDA:36,2,1,0
BRDA:36,3,0,0
BRDA:36,3,1,0
BRDA:44,4,0,0
BRDA:60,5,0,0
BRDA:60,5,1,0
BRDA:110,6,0,0
BRDA:110,6,1,0
BRF:12
BRH:0
end_of_record
TN:
SF:src/components/repository/RepositoryList.tsx
FN:17,RepositoryList
FN:27,(anonymous_1)
FN:50,(anonymous_2)
FN:60,(anonymous_3)
FN:70,(anonymous_4)
FN:80,(anonymous_5)
FN:98,(anonymous_6)
FN:114,(anonymous_7)
FNF:8
FNH:0
FNDA:0,RepositoryList
FNDA:0,(anonymous_1)
FNDA:0,(anonymous_2)
FNDA:0,(anonymous_3)
FNDA:0,(anonymous_4)
FNDA:0,(anonymous_5)
FNDA:0,(anonymous_6)
FNDA:0,(anonymous_7)
DA:2,0
DA:3,0
DA:4,0
DA:5,0
DA:6,0
DA:17,0
DA:25,0
DA:28,0
DA:50,0
DA:60,0
DA:70,0
DA:80,0
DA:99,0
DA:115,0
LF:14
LH:0
BRDA:31,0,0,0
BRDA:31,0,1,0
BRDA:36,1,0,0
BRDA:36,1,1,0
BRDA:38,2,0,0
BRDA:38,2,1,0
BRDA:44,3,0,0
BRDA:44,3,1,0
BRDA:93,4,0,0
BRDA:93,4,1,0
BRDA:96,5,0,0
BRDA:96,5,1,0
BRDA:96,5,2,0
BRDA:101,6,0,0
BRDA:101,6,1,0
BRDA:105,7,0,0
BRDA:105,7,1,0
BRDA:111,8,0,0
BRDA:111,8,1,0
BRDA:111,8,2,0
BRDA:130,9,0,0
BRDA:130,9,1,0
BRF:22
BRH:0
end_of_record
TN:
SF:src/components/repository/RepositoryPushControls.tsx
FN:20,RepositoryPushControls
FN:33,(anonymous_1)
FN:38,(anonymous_2)
FN:44,(anonymous_3)
FN:46,(anonymous_4)
FN:76,(anonymous_5)
FN:103,(anonymous_6)
FN:104,(anonymous_7)
FN:140,(anonymous_8)
FN:150,(anonymous_9)
FN:165,(anonymous_10)
FN:166,(anonymous_11)
FN:171,(anonymous_12)
FN:172,(anonymous_13)
FN:175,(anonymous_14)
FNF:15
FNH:0
FNDA:0,RepositoryPushControls
FNDA:0,(anonymous_1)
FNDA:0,(anonymous_2)
FNDA:0,(anonymous_3)
FNDA:0,(anonymous_4)
FNDA:0,(anonymous_5)
FNDA:0,(anonymous_6)
FNDA:0,(anonymous_7)
FNDA:0,(anonymous_8)
FNDA:0,(anonymous_9)
FNDA:0,(anonymous_10)
FNDA:0,(anonymous_11)
FNDA:0,(anonymous_12)
FNDA:0,(anonymous_13)
FNDA:0,(anonymous_14)
DA:1,0
DA:2,0
DA:3,0
DA:4,0
DA:5,0
DA:6,0
DA:7,0
DA:8,0
DA:20,0
DA:28,0
DA:29,0
DA:30,0
DA:31,0
DA:33,0
DA:34,0
DA:35,0
DA:36,0
DA:38,0
DA:39,0
DA:40,0
DA:44,0
DA:45,0
DA:46,0
DA:49,0
DA:50,0
DA:52,0
DA:60,0
DA:66,0
DA:67,0
DA:72,0
DA:76,0
DA:77,0
DA:78,0
DA:83,0
DA:86,0
DA:87,0
DA:88,0
DA:90,0
DA:91,0
DA:100,0
DA:103,0
DA:104,0
DA:105,0
DA:107,0
DA:110,0
DA:112,0
DA:114,0
DA:119,0
DA:120,0
DA:121,0
DA:127,0
DA:131,0
DA:141,0
DA:142,0
DA:151,0
DA:165,0
DA:167,0
DA:172,0
DA:173,0
DA:175,0
LF:60
LH:0
BRDA:39,0,0,0
BRDA:39,1,0,0
BRDA:39,1,1,0
BRDA:39,2,0,0
BRDA:39,2,1,0
BRDA:55,3,0,0
BRDA:55,3,1,0
BRDA:61,4,0,0
BRDA:61,4,1,0
BRDA:62,5,0,0
BRDA:62,5,1,0
BRDA:70,6,0,0
BRDA:70,6,1,0
BRDA:72,7,0,0
BRDA:72,7,1,0
BRDA:77,8,0,0
BRDA:77,9,0,0
BRDA:77,9,1,0
BRDA:100,10,0,0
BRDA:105,11,0,0
BRDA:105,11,1,0
BRDA:105,12,0,0
BRDA:105,12,1,0
BRDA:105,13,0,0
BRDA:105,13,1,0
BRDA:105,14,0,0
BRDA:105,14,1,0
BRDA:105,15,0,0
BRDA:105,15,1,0
BRDA:120,16,0,0
BRDA:120,16,1,0
BRDA:152,17,0,0
BRDA:152,17,1,0
BRDA:153,18,0,0
BRDA:153,18,1,0
BRDA:173,19,0,0
BRDA:173,19,1,0
BRDA:184,20,0,0
BRDA:184,20,1,0
BRDA:185,21,0,0
BRDA:185,21,1,0
BRDA:217,22,0,0
BRDA:217,22,1,0
BRDA:217,22,2,0
BRDA:219,23,0,0
BRDA:219,23,1,0
BRF:46
BRH:0
end_of_record
TN:
SF:src/components/ui/accordion.tsx
FN:12,(anonymous_7)
FN:24,(anonymous_8)
FN:44,(anonymous_9)
FNF:3
FNH:0
FNDA:0,(anonymous_7)
FNDA:0,(anonymous_8)
FNDA:0,(anonymous_9)
DA:1,0
DA:2,0
DA:3,0
DA:5,0
DA:7,0
DA:9,0
DA:12,0
DA:19,0
DA:21,0
DA:24,0
DA:39,0
DA:41,0
DA:44,0
DA:54,0
DA:56,0
LF:15
LH:0
BRF:0
BRH:0
end_of_record
TN:
SF:src/components/ui/alert-dialog.tsx
FN:16,(anonymous_7)
FN:31,(anonymous_8)
FN:46,(anonymous_9)
FN:60,(anonymous_10)
FN:77,(anonymous_11)
FN:89,(anonymous_12)
FN:102,(anonymous_13)
FN:114,(anonymous_14)
FNF:8
FNH:0
FNDA:0,(anonymous_7)
FNDA:0,(anonymous_8)
FNDA:0,(anonymous_9)
FNDA:0,(anonymous_10)
FNDA:0,(anonymous_11)
FNDA:0,(anonymous_12)
FNDA:0,(anonymous_13)
FNDA:0,(anonymous_14)
DA:1,0
DA:2,0
DA:4,0
DA:5,0
DA:7,0
DA:9,0
DA:11,0
DA:13,0
DA:16,0
DA:26,0
DA:28,0
DA:31,0
DA:44,0
DA:46,0
DA:47,0
DA:48,0
DA:49,0
DA:58,0
DA:60,0
DA:61,0
DA:62,0
DA:63,0
DA:72,0
DA:74,0
DA:77,0
DA:84,0
DA:86,0
DA:89,0
DA:96,0
DA:99,0
DA:102,0
DA:109,0
DA:111,0
DA:114,0
DA:125,0
DA:128,0
DA:129,0
DA:130,0
DA:131,0
DA:132,0
DA:133,0
DA:134,0
DA:135,0
DA:136,0
DA:137,0
DA:138,0
LF:46
LH:0
BRF:0
BRH:0
end_of_record
TN:
SF:src/components/ui/alert.tsx
FN:25,(anonymous_7)
FN:38,(anonymous_8)
FN:50,(anonymous_9)
FNF:3
FNH:0
FNDA:0,(anonymous_7)
FNDA:0,(anonymous_8)
FNDA:0,(anonymous_9)
DA:1,0
DA:2,0
DA:4,0
DA:6,0
DA:22,0
DA:25,0
DA:33,0
DA:35,0
DA:38,0
DA:45,0
DA:47,0
DA:50,0
DA:57,0
DA:59,0
LF:14
LH:0
BRF:0
BRH:0
end_of_record
TN:
SF:src/components/ui/aspect-ratio.tsx
FNF:0
FNH:0
DA:1,0
DA:3,0
DA:5,0
LF:3
LH:0
BRF:0
BRH:0
end_of_record
TN:
SF:src/components/ui/avatar.tsx
FN:9,(anonymous_7)
FN:24,(anonymous_8)
FN:36,(anonymous_9)
FNF:3
FNH:0
FNDA:0,(anonymous_7)
FNDA:0,(anonymous_8)
FNDA:0,(anonymous_9)
DA:1,0
DA:2,0
DA:4,0
DA:6,0
DA:9,0
DA:19,0
DA:21,0
DA:24,0
DA:31,0
DA:33,0
DA:36,0
DA:46,0
DA:48,0
LF:13
LH:0
BRF:0
BRH:0
end_of_record
TN:
SF:src/components/ui/badge.tsx
FN:30,Badge
FNF:1
FNH:0
FNDA:0,Badge
DA:2,0
DA:4,0
DA:6,0
DA:30,0
DA:31,0
DA:36,0
LF:6
LH:0
BRF:0
BRH:0
end_of_record
TN:
SF:src/components/ui/breadcrumb.tsx
FN:12,(anonymous_7)
FN:18,(anonymous_8)
FN:33,(anonymous_9)
FN:47,(anonymous_10)
FN:63,(anonymous_11)
FN:75,(anonymous_12)
FN:91,(anonymous_13)
FNF:7
FNH:0
FNDA:0,(anonymous_7)
FNDA:0,(anonymous_8)
FNDA:0,(anonymous_9)
FNDA:0,(anonymous_10)
FNDA:0,(anonymous_11)
FNDA:0,(anonymous_12)
FNDA:0,(anonymous_13)
DA:1,0
DA:2,0
DA:3,0
DA:5,0
DA:7,0
DA:12,0
DA:13,0
DA:15,0
DA:18,0
DA:28,0
DA:30,0
DA:33,0
DA:40,0
DA:42,0
DA:47,0
DA:48,0
DA:50,0
DA:58,0
DA:60,0
DA:63,0
DA:73,0
DA:75,0
DA:77,0
DA:78,0
DA:79,0
DA:89,0
DA:91,0
DA:92,0
DA:93,0
DA:94,0
DA:105,0
DA:108,0
DA:109,0
DA:110,0
DA:111,0
DA:112,0
DA:113,0
DA:114,0
LF:38
LH:0
BRDA:48,0,0,0
BRDA:48,0,1,0
BRDA:86,1,0,0
BRDA:86,1,1,0
BRDA:86,2,0,0
BRDA:86,2,1,0
BRF:6
BRH:0
end_of_record
TN:
SF:src/components/ui/button.tsx
FN:43,(anonymous_7)
FNF:1
FNH:0
FNDA:0,(anonymous_7)
DA:1,0
DA:2,0
DA:3,0
DA:5,0
DA:7,0
DA:42,0
DA:43,0
DA:44,0
DA:45,0
DA:54,0
DA:56,0
LF:11
LH:0
BRDA:43,0,0,0
BRDA:44,1,0,0
BRDA:44,1,1,0
BRF:3
BRH:0
end_of_record
TN:
SF:src/components/ui/calendar.tsx
FN:10,Calendar
FN:55,(anonymous_2)
FN:56,(anonymous_3)
FNF:3
FNH:0
FNDA:0,Calendar
FNDA:0,(anonymous_2)
FNDA:0,(anonymous_3)
DA:2,0
DA:3,0
DA:5,0
DA:6,0
DA:13,0
DA:14,0
DA:16,0
DA:55,0
DA:56,0
DA:62,0
DA:64,0
LF:11
LH:0
BRDA:13,0,0,0
BRF:1
BRH:0
end_of_record
TN:
SF:src/components/ui/card.tsx
FN:8,(anonymous_7)
FN:23,(anonymous_8)
FN:35,(anonymous_9)
FN:50,(anonymous_10)
FN:62,(anonymous_11)
FN:70,(anonymous_12)
FNF:6
FNH:0
FNDA:0,(anonymous_7)
FNDA:0,(anonymous_8)
FNDA:0,(anonymous_9)
FNDA:0,(anonymous_10)
FNDA:0,(anonymous_11)
FNDA:0,(anonymous_12)
DA:1,0
DA:3,0
DA:5,0
DA:8,0
DA:18,0
DA:20,0
DA:23,0
DA:30,0
DA:32,0
DA:35,0
DA:45,0
DA:47,0
DA:50,0
DA:57,0
DA:59,0
DA:62,0
DA:65,0
DA:67,0
DA:70,0
DA:77,0
DA:79,0
LF:21
LH:0
BRF:0
BRH:0
end_of_record
TN:
SF:src/components/ui/carousel.tsx
FN:33,useCarousel
FN:47,(anonymous_9)
FN:69,(anonymous_10)
FN:78,(anonymous_11)
FN:82,(anonymous_12)
FN:87,(anonymous_13)
FN:99,(anonymous_14)
FN:107,(anonymous_15)
FN:116,(anonymous_16)
FN:154,(anonymous_17)
FN:176,(anonymous_18)
FN:198,(anonymous_19)
FN:227,(anonymous_20)
FNF:13
FNH:0
FNDA:0,useCarousel
FNDA:0,(anonymous_9)
FNDA:0,(anonymous_10)
FNDA:0,(anonymous_11)
FNDA:0,(anonymous_12)
FNDA:0,(anonymous_13)
FNDA:0,(anonymous_14)
FNDA:0,(anonymous_15)
FNDA:0,(anonymous_16)
FNDA:0,(anonymous_17)
FNDA:0,(anonymous_18)
FNDA:0,(anonymous_19)
FNDA:0,(anonymous_20)
DA:1,0
DA:2,0
DA:5,0
DA:7,0
DA:8,0
DA:31,0
DA:34,0
DA:36,0
DA:37,0
DA:40,0
DA:43,0
DA:54,0
DA:55,0
DA:59,0
DA:66,0
DA:67,0
DA:69,0
DA:70,0
DA:71,0
DA:74,0
DA:75,0
DA:78,0
DA:79,0
DA:82,0
DA:83,0
DA:86,0
DA:88,0
DA:89,0
DA:90,0
DA:91,0
DA:92,0
DA:93,0
DA:99,0
DA:100,0
DA:101,0
DA:104,0
DA:107,0
DA:108,0
DA:109,0
DA:112,0
DA:113,0
DA:114,0
DA:116,0
DA:117,0
DA:121,0
DA:149,0
DA:151,0
DA:154,0
DA:155,0
DA:157,0
DA:171,0
DA:173,0
DA:176,0
DA:177,0
DA:179,0
DA:193,0
DA:195,0
DA:198,0
DA:199,0
DA:201,0
DA:222,0
DA:224,0
DA:227,0
DA:228,0
DA:230,0
DA:251,0
DA:255,0
DA:256,0
DA:257,0
DA:258,0
DA:259,0
LF:71
LH:0
BRDA:36,0,0,0
BRDA:49,1,0,0
BRDA:62,2,0,0
BRDA:62,2,1,0
BRDA:70,3,0,0
BRDA:79,4,0,0
BRDA:79,4,1,0
BRDA:79,5,0,0
BRDA:79,5,1,0
BRDA:83,6,0,0
BRDA:83,6,1,0
BRDA:83,7,0,0
BRDA:83,7,1,0
BRDA:88,8,0,0
BRDA:88,8,1,0
BRDA:91,9,0,0
BRDA:100,10,0,0
BRDA:100,11,0,0
BRDA:100,11,1,0
BRDA:108,12,0,0
BRDA:117,13,0,0
BRDA:117,13,1,0
BRDA:117,14,0,0
BRDA:117,14,1,0
BRDA:128,15,0,0
BRDA:128,15,1,0
BRDA:128,16,0,0
BRDA:128,16,1,0
BRDA:128,17,0,0
BRDA:128,17,1,0
BRDA:128,18,0,0
BRDA:128,18,1,0
BRDA:163,19,0,0
BRDA:163,19,1,0
BRDA:186,20,0,0
BRDA:186,20,1,0
BRDA:198,21,0,0
BRDA:198,22,0,0
BRDA:208,23,0,0
BRDA:208,23,1,0
BRDA:227,24,0,0
BRDA:227,25,0,0
BRDA:237,26,0,0
BRDA:237,26,1,0
BRF:44
BRH:0
end_of_record
TN:
SF:src/components/ui/chart.tsx
FN:25,useChart
FN:43,(anonymous_8)
FN:68,(anonymous_9)
FN:70,(anonymous_10)
FN:82,(anonymous_11)
FN:85,(anonymous_12)
FN:114,(anonymous_13)
FN:134,(anonymous_14)
FN:186,(anonymous_15)
FN:267,(anonymous_16)
FN:286,(anonymous_17)
FN:318,getPayloadConfigFromPayload
FNF:12
FNH:0
FNDA:0,useChart
FNDA:0,(anonymous_8)
FNDA:0,(anonymous_9)
FNDA:0,(anonymous_10)
FNDA:0,(anonymous_11)
FNDA:0,(anonymous_12)
FNDA:0,(anonymous_13)
FNDA:0,(anonymous_14)
FNDA:0,(anonymous_15)
FNDA:0,(anonymous_16)
FNDA:0,(anonymous_17)
FNDA:0,getPayloadConfigFromPayload
DA:1,0
DA:2,0
DA:4,0
DA:7,0
DA:23,0
DA:26,0
DA:28,0
DA:29,0
DA:32,0
DA:35,0
DA:43,0
DA:44,0
DA:45,0
DA:47,0
DA:66,0
DA:68,0
DA:69,0
DA:70,0
DA:73,0
DA:74,0
DA:77,0
DA:82,0
DA:87,0
DA:89,0
DA:101,0
DA:103,0
DA:132,0
DA:134,0
DA:135,0
DA:136,0
DA:139,0
DA:140,0
DA:141,0
DA:143,0
DA:147,0
DA:148,0
DA:155,0
DA:156,0
DA:159,0
DA:170,0
DA:171,0
DA:174,0
DA:176,0
DA:187,0
DA:188,0
DA:189,0
DA:191,0
DA:255,0
DA:257,0
DA:259,0
DA:271,0
DA:273,0
DA:274,0
DA:277,0
DA:287,0
DA:288,0
DA:290,0
DA:315,0
DA:323,0
DA:324,0
DA:328,0
DA:334,0
DA:336,0
DA:340,0
DA:341,0
DA:346,0
DA:351,0
DA:357,0
DA:358,0
DA:359,0
DA:360,0
DA:361,0
DA:362,0
LF:73
LH:0
BRDA:28,0,0,0
BRDA:45,1,0,0
BRDA:45,1,1,0
BRDA:70,2,0,0
BRDA:70,2,1,0
BRDA:73,3,0,0
BRDA:87,4,0,0
BRDA:87,4,1,0
BRDA:87,5,0,0
BRDA:87,5,1,0
BRDA:87,6,0,0
BRDA:87,6,1,0
BRDA:89,7,0,0
BRDA:89,7,1,0
BRDA:119,8,0,0
BRDA:120,9,0,0
BRDA:121,10,0,0
BRDA:135,11,0,0
BRDA:135,12,0,0
BRDA:135,12,1,0
BRDA:135,13,0,0
BRDA:135,13,1,0
BRDA:135,14,0,0
BRDA:135,14,1,0
BRDA:140,15,0,0
BRDA:140,15,1,0
BRDA:140,15,2,0
BRDA:140,15,3,0
BRDA:143,16,0,0
BRDA:143,16,1,0
BRDA:143,17,0,0
BRDA:143,17,1,0
BRDA:144,18,0,0
BRDA:144,18,1,0
BRDA:144,19,0,0
BRDA:144,19,1,0
BRDA:144,20,0,0
BRDA:144,20,1,0
BRDA:145,21,0,0
BRDA:145,21,1,0
BRDA:145,22,0,0
BRDA:145,22,1,0
BRDA:147,23,0,0
BRDA:155,24,0,0
BRDA:170,25,0,0
BRDA:170,26,0,0
BRDA:170,26,1,0
BRDA:170,27,0,0
BRDA:170,27,1,0
BRDA:170,28,0,0
BRDA:170,28,1,0
BRDA:174,29,0,0
BRDA:174,29,1,0
BRDA:184,30,0,0
BRDA:184,30,1,0
BRDA:187,31,0,0
BRDA:187,31,1,0
BRDA:187,31,2,0
BRDA:187,31,3,0
BRDA:189,32,0,0
BRDA:189,32,1,0
BRDA:189,32,2,0
BRDA:196,33,0,0
BRDA:196,33,1,0
BRDA:199,34,0,0
BRDA:199,34,1,0
BRDA:199,35,0,0
BRDA:199,35,1,0
BRDA:199,35,2,0
BRDA:199,36,0,0
BRDA:199,36,1,0
BRDA:199,37,0,0
BRDA:199,37,1,0
BRDA:203,38,0,0
BRDA:203,38,1,0
BRDA:203,39,0,0
BRDA:203,39,1,0
BRDA:203,40,0,0
BRDA:203,40,1,0
BRDA:206,41,0,0
BRDA:206,41,1,0
BRDA:215,42,0,0
BRDA:215,42,1,0
BRDA:230,43,0,0
BRDA:230,43,1,0
BRDA:234,44,0,0
BRDA:234,44,1,0
BRDA:236,45,0,0
BRDA:236,45,1,0
BRDA:236,46,0,0
BRDA:236,46,1,0
BRDA:236,47,0,0
BRDA:236,47,1,0
BRDA:239,48,0,0
BRDA:239,48,1,0
BRDA:268,49,0,0
BRDA:268,50,0,0
BRDA:273,51,0,0
BRDA:273,52,0,0
BRDA:273,52,1,0
BRDA:273,53,0,0
BRDA:273,53,1,0
BRDA:282,54,0,0
BRDA:282,54,1,0
BRDA:287,55,0,0
BRDA:287,55,1,0
BRDA:287,55,2,0
BRDA:297,56,0,0
BRDA:297,56,1,0
BRDA:297,57,0,0
BRDA:297,57,1,0
BRDA:297,58,0,0
BRDA:297,58,1,0
BRDA:297,59,0,0
BRDA:297,59,1,0
BRDA:307,60,0,0
BRDA:307,60,1,0
BRDA:307,61,0,0
BRDA:307,61,1,0
BRDA:323,62,0,0
BRDA:323,63,0,0
BRDA:323,63,1,0
BRDA:328,64,0,0
BRDA:328,64,1,0
BRDA:328,65,0,0
BRDA:328,65,1,0
BRDA:328,65,2,0
BRDA:336,66,0,0
BRDA:336,66,1,0
BRDA:337,67,0,0
BRDA:337,67,1,0
BRDA:341,68,0,0
BRDA:342,69,0,0
BRDA:342,69,1,0
BRDA:342,69,2,0
BRDA:351,70,0,0
BRDA:351,70,1,0
BRF:137
BRH:0
end_of_record
TN:
SF:src/components/ui/checkbox.tsx
FN:10,(anonymous_7)
FNF:1
FNH:0
FNDA:0,(anonymous_7)
DA:1,0
DA:2,0
DA:3,0
DA:5,0
DA:7,0
DA:10,0
DA:26,0
DA:28,0
LF:8
LH:0
BRF:0
BRH:0
end_of_record
TN:
SF:src/components/ui/collapsible.tsx
FNF:0
FNH:0
DA:1,0
DA:3,0
DA:5,0
DA:7,0
DA:9,0
LF:5
LH:0
BRF:0
BRH:0
end_of_record
TN:
SF:src/components/ui/command.tsx
FN:12,(anonymous_7)
FN:26,(anonymous_8)
FN:41,(anonymous_9)
FN:60,(anonymous_10)
FN:73,(anonymous_11)
FN:86,(anonymous_12)
FN:102,(anonymous_13)
FN:114,(anonymous_14)
FN:127,(anonymous_15)
FNF:9
FNH:0
FNDA:0,(anonymous_7)
FNDA:0,(anonymous_8)
FNDA:0,(anonymous_9)
FNDA:0,(anonymous_10)
FNDA:0,(anonymous_11)
FNDA:0,(anonymous_12)
FNDA:0,(anonymous_13)
FNDA:0,(anonymous_14)
FNDA:0,(anonymous_15)
DA:1,0
DA:3,0
DA:4,0
DA:6,0
DA:7,0
DA:9,0
DA:12,0
DA:22,0
DA:26,0
DA:27,0
DA:38,0
DA:41,0
DA:55,0
DA:57,0
DA:60,0
DA:68,0
DA:70,0
DA:74,0
DA:81,0
DA:83,0
DA:86,0
DA:97,0
DA:99,0
DA:102,0
DA:109,0
DA:111,0
DA:114,0
DA:125,0
DA:127,0
DA:128,0
DA:129,0
DA:131,0
DA:141,0
DA:144,0
DA:145,0
DA:146,0
DA:147,0
DA:148,0
DA:149,0
DA:150,0
DA:151,0
DA:152,0
LF:42
LH:0
BRF:0
BRH:0
end_of_record
TN:
SF:src/components/ui/context-menu.tsx
FN:24,(anonymous_7)
FN:43,(anonymous_8)
FN:58,(anonymous_9)
FN:77,(anonymous_10)
FN:93,(anonymous_11)
FN:117,(anonymous_12)
FN:141,(anonymous_13)
FN:157,(anonymous_14)
FN:166,(anonymous_15)
FNF:9
FNH:0
FNDA:0,(anonymous_7)
FNDA:0,(anonymous_8)
FNDA:0,(anonymous_9)
FNDA:0,(anonymous_10)
FNDA:0,(anonymous_11)
FNDA:0,(anonymous_12)
FNDA:0,(anonymous_13)
FNDA:0,(anonymous_14)
FNDA:0,(anonymous_15)
DA:1,0
DA:2,0
DA:3,0
DA:5,0
DA:7,0
DA:9,0
DA:11,0
DA:13,0
DA:15,0
DA:17,0
DA:19,0
DA:24,0
DA:38,0
DA:40,0
DA:43,0
DA:53,0
DA:55,0
DA:58,0
DA:70,0
DA:72,0
DA:77,0
DA:88,0
DA:90,0
DA:93,0
DA:111,0
DA:114,0
DA:117,0
DA:134,0
DA:136,0
DA:141,0
DA:152,0
DA:154,0
DA:157,0
DA:164,0
DA:166,0
DA:167,0
DA:168,0
DA:170,0
DA:180,0
DA:183,0
DA:184,0
DA:185,0
DA:186,0
DA:187,0
DA:188,0
DA:189,0
DA:190,0
DA:191,0
DA:192,0
DA:193,0
DA:194,0
DA:195,0
DA:196,0
DA:197,0
LF:54
LH:0
BRDA:29,0,0,0
BRDA:29,0,1,0
BRDA:82,1,0,0
BRDA:82,1,1,0
BRDA:146,2,0,0
BRDA:146,2,1,0
BRF:6
BRH:0
end_of_record
TN:
SF:src/components/ui/dialog.tsx
FN:18,(anonymous_7)
FN:33,(anonymous_8)
FN:54,(anonymous_9)
FN:68,(anonymous_10)
FN:85,(anonymous_11)
FN:100,(anonymous_12)
FNF:6
FNH:0
FNDA:0,(anonymous_7)
FNDA:0,(anonymous_8)
FNDA:0,(anonymous_9)
FNDA:0,(anonymous_10)
FNDA:0,(anonymous_11)
FNDA:0,(anonymous_12)
DA:1,0
DA:2,0
DA:3,0
DA:5,0
DA:7,0
DA:9,0
DA:11,0
DA:13,0
DA:15,0
DA:18,0
DA:28,0
DA:30,0
DA:33,0
DA:52,0
DA:54,0
DA:55,0
DA:56,0
DA:57,0
DA:66,0
DA:68,0
DA:69,0
DA:70,0
DA:71,0
DA:80,0
DA:82,0
DA:85,0
DA:95,0
DA:97,0
DA:100,0
DA:107,0
DA:110,0
DA:111,0
DA:112,0
DA:113,0
DA:114,0
DA:115,0
DA:116,0
DA:117,0
DA:118,0
DA:119,0
LF:40
LH:0
BRF:0
BRH:0
end_of_record
TN:
SF:src/components/ui/drawer.tsx
FN:6,(anonymous_7)
FN:26,(anonymous_8)
FN:38,(anonymous_9)
FN:56,(anonymous_10)
FN:67,(anonymous_11)
FN:81,(anonymous_12)
FN:96,(anonymous_13)
FNF:7
FNH:0
FNDA:0,(anonymous_7)
FNDA:0,(anonymous_8)
FNDA:0,(anonymous_9)
FNDA:0,(anonymous_10)
FNDA:0,(anonymous_11)
FNDA:0,(anonymous_12)
FNDA:0,(anonymous_13)
DA:1,0
DA:2,0
DA:4,0
DA:6,0
DA:7,0
DA:8,0
DA:9,0
DA:15,0
DA:17,0
DA:19,0
DA:21,0
DA:23,0
DA:26,0
DA:33,0
DA:35,0
DA:38,0
DA:54,0
DA:56,0
DA:57,0
DA:58,0
DA:59,0
DA:65,0
DA:67,0
DA:68,0
DA:69,0
DA:70,0
DA:76,0
DA:78,0
DA:81,0
DA:91,0
DA:93,0
DA:96,0
DA:103,0
DA:106,0
DA:107,0
DA:108,0
DA:109,0
DA:110,0
DA:111,0
DA:112,0
DA:113,0
DA:114,0
DA:115,0
LF:43
LH:0
BRDA:7,0,0,0
BRF:1
BRH:0
end_of_record
TN:
SF:src/components/ui/dropdown-menu.tsx
FN:24,(anonymous_7)
FN:44,(anonymous_8)
FN:60,(anonymous_9)
FN:80,(anonymous_10)
FN:96,(anonymous_11)
FN:120,(anonymous_12)
FN:144,(anonymous_13)
FN:160,(anonymous_14)
FN:169,(anonymous_15)
FNF:9
FNH:0
FNDA:0,(anonymous_7)
FNDA:0,(anonymous_8)
FNDA:0,(anonymous_9)
FNDA:0,(anonymous_10)
FNDA:0,(anonymous_11)
FNDA:0,(anonymous_12)
FNDA:0,(anonymous_13)
FNDA:0,(anonymous_14)
FNDA:0,(anonymous_15)
DA:1,0
DA:2,0
DA:3,0
DA:5,0
DA:7,0
DA:9,0
DA:11,0
DA:13,0
DA:15,0
DA:17,0
DA:19,0
DA:24,0
DA:38,0
DA:41,0
DA:44,0
DA:54,0
DA:57,0
DA:60,0
DA:73,0
DA:75,0
DA:80,0
DA:91,0
DA:93,0
DA:96,0
DA:114,0
DA:117,0
DA:120,0
DA:137,0
DA:139,0
DA:144,0
DA:155,0
DA:157,0
DA:160,0
DA:167,0
DA:169,0
DA:170,0
DA:171,0
DA:173,0
DA:180,0
DA:183,0
DA:184,0
DA:185,0
DA:186,0
DA:187,0
DA:188,0
DA:189,0
DA:190,0
DA:191,0
DA:192,0
DA:193,0
DA:194,0
DA:195,0
DA:196,0
DA:197,0
LF:54
LH:0
BRDA:29,0,0,0
BRDA:29,0,1,0
BRDA:60,1,0,0
BRDA:85,2,0,0
BRDA:85,2,1,0
BRDA:149,3,0,0
BRDA:149,3,1,0
BRF:7
BRH:0
end_of_record
TN:
SF:src/components/ui/form.tsx
FN:29,(anonymous_7)
FN:42,(anonymous_8)
FN:76,(anonymous_9)
FN:90,(anonymous_10)
FN:107,(anonymous_11)
FN:129,(anonymous_12)
FN:146,(anonymous_13)
FNF:7
FNH:0
FNDA:0,(anonymous_7)
FNDA:0,(anonymous_8)
FNDA:0,(anonymous_9)
FNDA:0,(anonymous_10)
FNDA:0,(anonymous_11)
FNDA:0,(anonymous_12)
FNDA:0,(anonymous_13)
DA:1,0
DA:3,0
DA:4,0
DA:13,0
DA:14,0
DA:16,0
DA:25,0
DA:29,0
DA:33,0
DA:35,0
DA:42,0
DA:43,0
DA:44,0
DA:45,0
DA:47,0
DA:49,0
DA:50,0
DA:53,0
DA:55,0
DA:69,0
DA:73,0
DA:76,0
DA:77,0
DA:79,0
DA:85,0
DA:87,0
DA:90,0
DA:91,0
DA:93,0
DA:102,0
DA:104,0
DA:107,0
DA:108,0
DA:110,0
DA:124,0
DA:126,0
DA:129,0
DA:130,0
DA:132,0
DA:141,0
DA:143,0
DA:146,0
DA:147,0
DA:148,0
DA:150,0
DA:151,0
DA:154,0
DA:165,0
DA:168,0
DA:169,0
DA:170,0
DA:171,0
DA:172,0
DA:173,0
DA:174,0
DA:175,0
LF:56
LH:0
BRDA:49,0,0,0
BRDA:96,1,0,0
BRDA:96,1,1,0
BRDA:115,2,0,0
BRDA:115,2,1,0
BRDA:148,3,0,0
BRDA:148,3,1,0
BRDA:148,4,0,0
BRDA:148,4,1,0
BRDA:148,5,0,0
BRDA:148,5,1,0
BRDA:150,6,0,0
BRF:12
BRH:0
end_of_record
TN:
SF:src/components/ui/hover-card.tsx
FN:13,(anonymous_7)
FNF:1
FNH:0
FNDA:0,(anonymous_7)
DA:1,0
DA:2,0
DA:4,0
DA:6,0
DA:8,0
DA:10,0
DA:13,0
DA:25,0
DA:27,0
LF:9
LH:0
BRDA:13,0,0,0
BRDA:13,1,0,0
BRF:2
BRH:0
end_of_record
TN:
SF:src/components/ui/input-otp.tsx
FN:10,(anonymous_7)
FN:26,(anonymous_8)
FN:34,(anonymous_9)
FN:62,(anonymous_10)
FNF:4
FNH:0
FNDA:0,(anonymous_7)
FNDA:0,(anonymous_8)
FNDA:0,(anonymous_9)
FNDA:0,(anonymous_10)
DA:1,0
DA:2,0
DA:3,0
DA:5,0
DA:7,0
DA:10,0
DA:21,0
DA:23,0
DA:26,0
DA:29,0
DA:31,0
DA:34,0
DA:35,0
DA:36,0
DA:38,0
DA:57,0
DA:59,0
DA:62,0
DA:67,0
DA:69,0
LF:20
LH:0
BRDA:43,0,0,0
BRDA:43,0,1,0
BRDA:49,1,0,0
BRDA:49,1,1,0
BRF:4
BRH:0
end_of_record
TN:
SF:src/components/ui/input.tsx
FN:6,(anonymous_7)
FNF:1
FNH:0
FNDA:0,(anonymous_7)
DA:1,0
DA:3,0
DA:5,0
DA:6,0
DA:7,0
DA:20,0
DA:22,0
LF:7
LH:0
BRF:0
BRH:0
end_of_record
TN:
SF:src/components/ui/label.tsx
FN:15,(anonymous_7)
FNF:1
FNH:0
FNDA:0,(anonymous_7)
DA:1,0
DA:2,0
DA:3,0
DA:5,0
DA:7,0
DA:11,0
DA:15,0
DA:22,0
DA:24,0
LF:9
LH:0
BRF:0
BRH:0
end_of_record
TN:
SF:src/components/ui/menubar.tsx
FN:20,(anonymous_7)
FN:35,(anonymous_8)
FN:52,(anonymous_9)
FN:71,(anonymous_10)
FN:87,(anonymous_11)
FN:113,(anonymous_12)
FN:129,(anonymous_13)
FN:152,(anonymous_14)
FN:176,(anonymous_15)
FN:192,(anonymous_16)
FN:201,(anonymous_17)
FNF:11
FNH:0
FNDA:0,(anonymous_7)
FNDA:0,(anonymous_8)
FNDA:0,(anonymous_9)
FNDA:0,(anonymous_10)
FNDA:0,(anonymous_11)
FNDA:0,(anonymous_12)
FNDA:0,(anonymous_13)
FNDA:0,(anonymous_14)
FNDA:0,(anonymous_15)
FNDA:0,(anonymous_16)
FNDA:0,(anonymous_17)
DA:1,0
DA:2,0
DA:3,0
DA:5,0
DA:7,0
DA:9,0
DA:11,0
DA:13,0
DA:15,0
DA:17,0
DA:20,0
DA:30,0
DA:32,0
DA:35,0
DA:45,0
DA:47,0
DA:52,0
DA:66,0
DA:68,0
DA:71,0
DA:81,0
DA:83,0
DA:88,0
DA:90,0
DA:106,0
DA:108,0
DA:113,0
DA:124,0
DA:126,0
DA:129,0
DA:147,0
DA:149,0
DA:152,0
DA:169,0
DA:171,0
DA:176,0
DA:187,0
DA:189,0
DA:192,0
DA:199,0
DA:201,0
DA:202,0
DA:203,0
DA:205,0
DA:215,0
DA:218,0
DA:219,0
DA:220,0
DA:221,0
DA:222,0
DA:223,0
DA:224,0
DA:225,0
DA:226,0
DA:227,0
DA:228,0
DA:229,0
DA:230,0
DA:231,0
DA:232,0
DA:233,0
LF:61
LH:0
BRDA:57,0,0,0
BRDA:57,0,1,0
BRDA:88,1,0,0
BRDA:88,2,0,0
BRDA:88,3,0,0
BRDA:118,4,0,0
BRDA:118,4,1,0
BRDA:181,5,0,0
BRDA:181,5,1,0
BRF:9
BRH:0
end_of_record
TN:
SF:src/components/ui/navigation-menu.tsx
FN:11,(anonymous_7)
FN:29,(anonymous_8)
FN:50,(anonymous_9)
FN:68,(anonymous_10)
FN:85,(anonymous_11)
FN:103,(anonymous_12)
FNF:6
FNH:0
FNDA:0,(anonymous_7)
FNDA:0,(anonymous_8)
FNDA:0,(anonymous_9)
FNDA:0,(anonymous_10)
FNDA:0,(anonymous_11)
FNDA:0,(anonymous_12)
DA:1,0
DA:2,0
DA:3,0
DA:4,0
DA:6,0
DA:8,0
DA:11,0
DA:24,0
DA:26,0
DA:29,0
DA:39,0
DA:41,0
DA:43,0
DA:47,0
DA:50,0
DA:63,0
DA:65,0
DA:68,0
DA:78,0
DA:80,0
DA:82,0
DA:85,0
DA:97,0
DA:100,0
DA:103,0
DA:115,0
DA:119,0
DA:120,0
DA:121,0
DA:122,0
DA:123,0
DA:124,0
DA:125,0
DA:126,0
DA:127,0
LF:35
LH:0
BRF:0
BRH:0
end_of_record
TN:
SF:src/components/ui/pagination.tsx
FN:7,(anonymous_7)
FN:20,(anonymous_8)
FN:32,(anonymous_9)
FN:42,(anonymous_10)
FN:62,(anonymous_11)
FN:78,(anonymous_12)
FN:94,(anonymous_13)
FNF:7
FNH:0
FNDA:0,(anonymous_7)
FNDA:0,(anonymous_8)
FNDA:0,(anonymous_9)
FNDA:0,(anonymous_10)
FNDA:0,(anonymous_11)
FNDA:0,(anonymous_12)
FNDA:0,(anonymous_13)
DA:1,0
DA:2,0
DA:4,0
DA:5,0
DA:7,0
DA:15,0
DA:17,0
DA:20,0
DA:27,0
DA:29,0
DA:32,0
DA:35,0
DA:42,0
DA:45,0
DA:46,0
DA:47,0
DA:60,0
DA:62,0
DA:63,0
DA:64,0
DA:65,0
DA:76,0
DA:78,0
DA:79,0
DA:80,0
DA:81,0
DA:92,0
DA:94,0
DA:95,0
DA:96,0
DA:97,0
DA:107,0
DA:110,0
DA:111,0
DA:112,0
DA:113,0
DA:114,0
DA:115,0
DA:116,0
LF:39
LH:0
BRDA:45,0,0,0
BRDA:49,1,0,0
BRDA:49,1,1,0
BRDA:52,2,0,0
BRDA:52,2,1,0
BRF:5
BRH:0
end_of_record
TN:
SF:src/components/ui/popover.tsx
FN:13,(anonymous_7)
FNF:1
FNH:0
FNDA:0,(anonymous_7)
DA:1,0
DA:2,0
DA:4,0
DA:6,0
DA:8,0
DA:10,0
DA:13,0
DA:27,0
DA:29,0
LF:9
LH:0
BRDA:13,0,0,0
BRDA:13,1,0,0
BRF:2
BRH:0
end_of_record
TN:
SF:src/components/ui/progress.tsx
FN:9,(anonymous_7)
FNF:1
FNH:0
FNDA:0,(anonymous_7)
DA:1,0
DA:2,0
DA:4,0
DA:6,0
DA:9,0
DA:24,0
DA:26,0
LF:7
LH:0
BRDA:20,0,0,0
BRDA:20,0,1,0
BRF:2
BRH:0
end_of_record
TN:
SF:src/components/ui/radio-group.tsx
FN:10,(anonymous_7)
FN:24,(anonymous_8)
FNF:2
FNH:0
FNDA:0,(anonymous_7)
FNDA:0,(anonymous_8)
DA:1,0
DA:2,0
DA:3,0
DA:5,0
DA:7,0
DA:10,0
DA:11,0
DA:19,0
DA:21,0
DA:24,0
DA:25,0
DA:40,0
DA:42,0
LF:13
LH:0
BRF:0
BRH:0
end_of_record
TN:
SF:src/components/ui/resizable.tsx
FN:6,(anonymous_7)
FN:21,(anonymous_8)
FNF:2
FNH:0
FNDA:0,(anonymous_7)
FNDA:0,(anonymous_8)
DA:1,0
DA:2,0
DA:4,0
DA:6,0
DA:7,0
DA:8,0
DA:9,0
DA:19,0
DA:21,0
DA:23,0
DA:24,0
DA:27,0
DA:43,0
LF:13
LH:0
BRDA:35,0,0,0
BRDA:35,0,1,0
BRF:2
BRH:0
end_of_record
TN:
SF:src/components/ui/scroll-area.tsx
FN:9,(anonymous_7)
FN:27,(anonymous_8)
FNF:2
FNH:0
FNDA:0,(anonymous_7)
FNDA:0,(anonymous_8)
DA:1,0
DA:2,0
DA:4,0
DA:6,0
DA:9,0
DA:22,0
DA:24,0
DA:27,0
DA:44,0
DA:46,0
LF:10
LH:0
BRDA:27,0,0,0
BRDA:33,1,0,0
BRDA:33,1,1,0
BRDA:35,2,0,0
BRDA:35,2,1,0
BRF:5
BRH:0
end_of_record
TN:
SF:src/components/ui/select.tsx
FN:16,(anonymous_7)
FN:36,(anonymous_8)
FN:53,(anonymous_9)
FN:71,(anonymous_10)
FN:103,(anonymous_11)
FN:115,(anonymous_12)
FN:138,(anonymous_13)
FNF:7
FNH:0
FNDA:0,(anonymous_7)
FNDA:0,(anonymous_8)
FNDA:0,(anonymous_9)
FNDA:0,(anonymous_10)
FNDA:0,(anonymous_11)
FNDA:0,(anonymous_12)
FNDA:0,(anonymous_13)
DA:1,0
DA:2,0
DA:3,0
DA:5,0
DA:7,0
DA:9,0
DA:11,0
DA:13,0
DA:16,0
DA:31,0
DA:33,0
DA:36,0
DA:48,0
DA:50,0
DA:53,0
DA:65,0
DA:68,0
DA:71,0
DA:98,0
DA:100,0
DA:103,0
DA:110,0
DA:112,0
DA:115,0
DA:133,0
DA:135,0
DA:138,0
DA:145,0
DA:148,0
DA:149,0
DA:150,0
DA:151,0
DA:152,0
DA:153,0
DA:154,0
DA:155,0
DA:156,0
DA:157,0
LF:38
LH:0
BRDA:71,0,0,0
BRDA:77,1,0,0
BRDA:77,1,1,0
BRDA:88,2,0,0
BRDA:88,2,1,0
BRF:5
BRH:0
end_of_record
TN:
SF:src/components/ui/separator.tsx
FN:10,(anonymous_7)
FNF:1
FNH:0
FNDA:0,(anonymous_7)
DA:1,0
DA:2,0
DA:4,0
DA:6,0
DA:11,0
DA:13,0
DA:27,0
DA:29,0
LF:8
LH:0
BRDA:11,0,0,0
BRDA:11,1,0,0
BRDA:20,2,0,0
BRDA:20,2,1,0
BRF:4
BRH:0
end_of_record
TN:
SF:src/components/ui/sheet.tsx
FN:19,(anonymous_7)
FN:57,(anonymous_8)
FN:75,(anonymous_9)
FN:89,(anonymous_10)
FN:106,(anonymous_11)
FN:118,(anonymous_12)
FNF:6
FNH:0
FNDA:0,(anonymous_7)
FNDA:0,(anonymous_8)
FNDA:0,(anonymous_9)
FNDA:0,(anonymous_10)
FNDA:0,(anonymous_11)
FNDA:0,(anonymous_12)
DA:1,0
DA:2,0
DA:3,0
DA:4,0
DA:6,0
DA:8,0
DA:10,0
DA:12,0
DA:14,0
DA:16,0
DA:19,0
DA:29,0
DA:31,0
DA:54,0
DA:57,0
DA:73,0
DA:75,0
DA:76,0
DA:77,0
DA:78,0
DA:87,0
DA:89,0
DA:90,0
DA:91,0
DA:92,0
DA:101,0
DA:103,0
DA:106,0
DA:113,0
DA:115,0
DA:118,0
DA:125,0
DA:128,0
DA:129,0
LF:34
LH:0
BRDA:57,0,0,0
BRF:1
BRH:0
end_of_record
TN:
SF:src/components/ui/sidebar.tsx
FN:39,useSidebar
FN:56,(anonymous_8)
FN:76,(anonymous_9)
FN:91,(anonymous_10)
FN:93,(anonymous_11)
FN:94,(anonymous_12)
FN:98,(anonymous_13)
FN:99,(anonymous_14)
FN:110,(anonymous_15)
FN:118,(anonymous_16)
FN:165,(anonymous_17)
FN:263,(anonymous_18)
FN:273,(anonymous_19)
FN:289,(anonymous_20)
FN:318,(anonymous_21)
FN:336,(anonymous_22)
FN:354,(anonymous_23)
FN:369,(anonymous_24)
FN:384,(anonymous_25)
FN:399,(anonymous_26)
FN:417,(anonymous_27)
FN:432,(anonymous_28)
FN:453,(anonymous_29)
FN:476,(anonymous_30)
FN:489,(anonymous_31)
FN:502,(anonymous_32)
FN:542,(anonymous_33)
FN:599,(anonymous_34)
FN:627,(anonymous_35)
FN:650,(anonymous_36)
FN:652,(anonymous_37)
FN:686,(anonymous_38)
FN:703,(anonymous_39)
FN:713,(anonymous_40)
FNF:34
FNH:0
FNDA:0,useSidebar
FNDA:0,(anonymous_8)
FNDA:0,(anonymous_9)
FNDA:0,(anonymous_10)
FNDA:0,(anonymous_11)
FNDA:0,(anonymous_12)
FNDA:0,(anonymous_13)
FNDA:0,(anonymous_14)
FNDA:0,(anonymous_15)
FNDA:0,(anonymous_16)
FNDA:0,(anonymous_17)
FNDA:0,(anonymous_18)
FNDA:0,(anonymous_19)
FNDA:0,(anonymous_20)
FNDA:0,(anonymous_21)
FNDA:0,(anonymous_22)
FNDA:0,(anonymous_23)
FNDA:0,(anonymous_24)
FNDA:0,(anonymous_25)
FNDA:0,(anonymous_26)
FNDA:0,(anonymous_27)
FNDA:0,(anonymous_28)
FNDA:0,(anonymous_29)
FNDA:0,(anonymous_30)
FNDA:0,(anonymous_31)
FNDA:0,(anonymous_32)
FNDA:0,(anonymous_33)
FNDA:0,(anonymous_34)
FNDA:0,(anonymous_35)
FNDA:0,(anonymous_36)
FNDA:0,(anonymous_37)
FNDA:0,(anonymous_38)
FNDA:0,(anonymous_39)
FNDA:0,(anonymous_40)
DA:1,0
DA:2,0
DA:3,0
DA:4,0
DA:6,0
DA:7,0
DA:8,0
DA:9,0
DA:10,0
DA:11,0
DA:12,0
DA:13,0
DA:20,0
DA:21,0
DA:22,0
DA:23,0
DA:24,0
DA:25,0
DA:37,0
DA:40,0
DA:41,0
DA:42,0
DA:45,0
DA:48,0
DA:63,0
DA:64,0
DA:68,0
DA:69,0
DA:73,0
DA:74,0
DA:75,0
DA:77,0
DA:78,0
DA:79,0
DA:81,0
DA:85,0
DA:91,0
DA:92,0
DA:93,0
DA:94,0
DA:98,0
DA:99,0
DA:100,0
DA:104,0
DA:105,0
DA:109,0
DA:110,0
DA:115,0
DA:117,0
DA:118,0
DA:130,0
DA:155,0
DA:157,0
DA:171,0
DA:172,0
DA:176,0
DA:178,0
DA:179,0
DA:193,0
DA:194,0
DA:213,0
DA:258,0
DA:260,0
DA:263,0
DA:264,0
DA:266,0
DA:274,0
DA:275,0
DA:284,0
DA:286,0
DA:289,0
DA:290,0
DA:292,0
DA:313,0
DA:315,0
DA:318,0
DA:319,0
DA:331,0
DA:333,0
DA:336,0
DA:337,0
DA:349,0
DA:351,0
DA:354,0
DA:355,0
DA:364,0
DA:366,0
DA:369,0
DA:370,0
DA:379,0
DA:381,0
DA:384,0
DA:385,0
DA:394,0
DA:396,0
DA:399,0
DA:400,0
DA:412,0
DA:414,0
DA:417,0
DA:418,0
DA:427,0
DA:429,0
DA:432,0
DA:433,0
DA:435,0
DA:448,0
DA:450,0
DA:453,0
DA:454,0
DA:456,0
DA:471,0
DA:473,0
DA:476,0
DA:484,0
DA:486,0
DA:489,0
DA:497,0
DA:499,0
DA:502,0
DA:510,0
DA:512,0
DA:534,0
DA:549,0
DA:550,0
DA:554,0
DA:555,0
DA:558,0
DA:568,0
DA:569,0
DA:572,0
DA:573,0
DA:578,0
DA:591,0
DA:593,0
DA:599,0
DA:600,0
DA:602,0
DA:622,0
DA:624,0
DA:627,0
DA:643,0
DA:645,0
DA:650,0
DA:652,0
DA:653,0
DA:656,0
DA:681,0
DA:683,0
DA:686,0
DA:698,0
DA:700,0
DA:703,0
DA:704,0
DA:706,0
DA:713,0
DA:714,0
DA:716,0
DA:734,0
DA:737,0
DA:738,0
DA:739,0
DA:740,0
DA:741,0
DA:742,0
DA:743,0
DA:744,0
DA:745,0
DA:746,0
DA:747,0
DA:748,0
DA:749,0
DA:750,0
DA:751,0
DA:752,0
DA:753,0
DA:754,0
DA:755,0
DA:756,0
DA:757,0
DA:758,0
DA:759,0
DA:760,0
LF:183
LH:0
BRDA:41,0,0,0
BRDA:58,1,0,0
BRDA:74,2,0,0
BRDA:74,2,1,0
BRDA:74,3,0,0
BRDA:74,3,1,0
BRDA:77,4,0,0
BRDA:77,4,1,0
BRDA:78,5,0,0
BRDA:78,5,1,0
BRDA:92,6,0,0
BRDA:92,6,1,0
BRDA:100,7,0,0
BRDA:101,8,0,0
BRDA:101,8,1,0
BRDA:101,8,2,0
BRDA:115,9,0,0
BRDA:115,9,1,0
BRDA:167,10,0,0
BRDA:168,11,0,0
BRDA:169,12,0,0
BRDA:178,13,0,0
BRDA:193,14,0,0
BRDA:218,15,0,0
BRDA:218,15,1,0
BRDA:228,16,0,0
BRDA:228,16,1,0
BRDA:228,17,0,0
BRDA:228,17,1,0
BRDA:236,18,0,0
BRDA:236,18,1,0
BRDA:240,19,0,0
BRDA:240,19,1,0
BRDA:240,20,0,0
BRDA:240,20,1,0
BRDA:274,21,0,0
BRDA:274,21,1,0
BRDA:274,22,0,0
BRDA:274,22,1,0
BRDA:432,23,0,0
BRDA:433,24,0,0
BRDA:433,24,1,0
BRDA:453,25,0,0
BRDA:454,26,0,0
BRDA:454,26,1,0
BRDA:544,27,0,0
BRDA:545,28,0,0
BRDA:546,29,0,0
BRDA:547,30,0,0
BRDA:554,31,0,0
BRDA:554,31,1,0
BRDA:568,32,0,0
BRDA:572,33,0,0
BRDA:584,34,0,0
BRDA:584,34,1,0
BRDA:599,35,0,0
BRDA:599,36,0,0
BRDA:600,37,0,0
BRDA:600,37,1,0
BRDA:614,38,0,0
BRDA:614,38,1,0
BRDA:650,39,0,0
BRDA:663,40,0,0
BRDA:663,40,1,0
BRDA:713,41,0,0
BRDA:713,42,0,0
BRDA:714,43,0,0
BRDA:714,43,1,0
BRDA:725,44,0,0
BRDA:725,44,1,0
BRDA:726,45,0,0
BRDA:726,45,1,0
BRF:72
BRH:0
end_of_record
TN:
SF:src/components/ui/skeleton.tsx
FN:3,Skeleton
FNF:1
FNH:0
FNDA:0,Skeleton
DA:1,0
DA:4,0
DA:5,0
DA:7,0
DA:15,0
LF:5
LH:0
BRF:0
BRH:0
end_of_record
TN:
SF:src/components/ui/slider.tsx
FN:9,(anonymous_7)
FNF:1
FNH:0
FNDA:0,(anonymous_7)
DA:1,0
DA:2,0
DA:4,0
DA:6,0
DA:9,0
DA:24,0
DA:26,0
LF:7
LH:0
BRF:0
BRH:0
end_of_record
TN:
SF:src/components/ui/sonner.tsx
FN:6,(anonymous_1)
FNF:1
FNH:0
FNDA:0,(anonymous_1)
DA:1,0
DA:2,0
DA:6,0
DA:7,0
DA:9,0
DA:29,0
LF:6
LH:0
BRDA:7,0,0,0
BRF:1
BRH:0
end_of_record
TN:
SF:src/components/ui/switch.tsx
FN:9,(anonymous_7)
FNF:1
FNH:0
FNDA:0,(anonymous_7)
DA:1,0
DA:2,0
DA:4,0
DA:6,0
DA:9,0
DA:25,0
DA:27,0
LF:7
LH:0
BRF:0
BRH:0
end_of_record
TN:
SF:src/components/ui/table.tsx
FN:8,(anonymous_7)
FN:22,(anonymous_8)
FN:30,(anonymous_9)
FN:42,(anonymous_10)
FN:57,(anonymous_11)
FN:72,(anonymous_12)
FN:87,(anonymous_13)
FN:99,(anonymous_14)
FNF:8
FNH:0
FNDA:0,(anonymous_7)
FNDA:0,(anonymous_8)
FNDA:0,(anonymous_9)
FNDA:0,(anonymous_10)
FNDA:0,(anonymous_11)
FNDA:0,(anonymous_12)
FNDA:0,(anonymous_13)
FNDA:0,(anonymous_14)
DA:1,0
DA:3,0
DA:5,0
DA:8,0
DA:17,0
DA:19,0
DA:22,0
DA:25,0
DA:27,0
DA:30,0
DA:37,0
DA:39,0
DA:42,0
DA:52,0
DA:54,0
DA:57,0
DA:67,0
DA:69,0
DA:72,0
DA:82,0
DA:84,0
DA:87,0
DA:94,0
DA:96,0
DA:99,0
DA:106,0
DA:109,0
DA:110,0
DA:111,0
DA:112,0
DA:113,0
DA:114,0
DA:115,0
DA:116,0
LF:34
LH:0
BRF:0
BRH:0
end_of_record
TN:
SF:src/components/ui/tabs.tsx
FN:11,(anonymous_7)
FN:26,(anonymous_8)
FN:41,(anonymous_9)
FNF:3
FNH:0
FNDA:0,(anonymous_7)
FNDA:0,(anonymous_8)
FNDA:0,(anonymous_9)
DA:1,0
DA:2,0
DA:4,0
DA:6,0
DA:8,0
DA:11,0
DA:21,0
DA:23,0
DA:26,0
DA:36,0
DA:38,0
DA:41,0
DA:51,0
DA:53,0
LF:14
LH:0
BRF:0
BRH:0
end_of_record
TN:
SF:src/components/ui/textarea.tsx
FN:9,(anonymous_7)
FNF:1
FNH:0
FNDA:0,(anonymous_7)
DA:1,0
DA:3,0
DA:8,0
DA:9,0
DA:10,0
DA:22,0
DA:24,0
LF:7
LH:0
BRF:0
BRH:0
end_of_record
TN:
SF:src/components/ui/toast.tsx
FN:13,(anonymous_7)
FN:45,(anonymous_8)
FN:59,(anonymous_9)
FN:74,(anonymous_10)
FN:92,(anonymous_11)
FN:104,(anonymous_12)
FNF:6
FNH:0
FNDA:0,(anonymous_7)
FNDA:0,(anonymous_8)
FNDA:0,(anonymous_9)
FNDA:0,(anonymous_10)
FNDA:0,(anonymous_11)
FNDA:0,(anonymous_12)
DA:1,0
DA:2,0
DA:3,0
DA:4,0
DA:6,0
DA:8,0
DA:10,0
DA:13,0
DA:23,0
DA:25,0
DA:41,0
DA:45,0
DA:46,0
DA:54,0
DA:56,0
DA:59,0
DA:69,0
DA:71,0
DA:74,0
DA:87,0
DA:89,0
DA:92,0
DA:99,0
DA:101,0
DA:104,0
DA:111,0
DA:120,0
DA:121,0
DA:122,0
DA:123,0
DA:124,0
DA:125,0
DA:126,0
LF:33
LH:0
BRF:0
BRH:0
end_of_record
TN:
SF:src/components/ui/toaster.tsx
FN:11,Toaster
FN:16,(anonymous_2)
FNF:2
FNH:0
FNDA:0,Toaster
FNDA:0,(anonymous_2)
DA:1,0
DA:2,0
DA:11,0
DA:12,0
DA:14,0
DA:16,0
DA:17,0
LF:7
LH:0
BRDA:20,0,0,0
BRDA:20,0,1,0
BRDA:21,1,0,0
BRDA:21,1,1,0
BRF:4
BRH:0
end_of_record
TN:
SF:src/components/ui/toggle-group.tsx
FN:19,(anonymous_7)
FN:37,(anonymous_8)
FNF:2
FNH:0
FNDA:0,(anonymous_7)
FNDA:0,(anonymous_8)
DA:1,0
DA:2,0
DA:5,0
DA:6,0
DA:8,0
DA:15,0
DA:19,0
DA:31,0
DA:33,0
DA:37,0
DA:38,0
DA:40,0
DA:57,0
DA:59,0
LF:14
LH:0
BRDA:45,0,0,0
BRDA:45,0,1,0
BRDA:46,1,0,0
BRDA:46,1,1,0
BRF:4
BRH:0
end_of_record
TN:
SF:src/components/ui/toggle.tsx
FN:33,(anonymous_7)
FNF:1
FNH:0
FNDA:0,(anonymous_7)
DA:1,0
DA:2,0
DA:3,0
DA:5,0
DA:7,0
DA:29,0
DA:33,0
DA:41,0
DA:43,0
LF:9
LH:0
BRF:0
BRH:0
end_of_record
TN:
SF:src/components/ui/tooltip.tsx
FN:15,(anonymous_7)
FNF:1
FNH:0
FNDA:0,(anonymous_7)
DA:1,0
DA:2,0
DA:4,0
DA:6,0
DA:8,0
DA:10,0
DA:12,0
DA:15,0
DA:26,0
DA:28,0
LF:10
LH:0
BRDA:15,0,0,0
BRF:1
BRH:0
end_of_record
TN:
SF:src/components/ui/use-toast.ts
FN:3,(anonymous_0)
FN:3,(anonymous_1)
FNF:2
FNH:0
FNDA:0,(anonymous_0)
FNDA:0,(anonymous_1)
DA:1,0
DA:3,0
LF:2
LH:0
BRF:0
BRH:0
end_of_record
TN:
SF:src/components/visualizations/WebMetricsD3.tsx
FN:9,(anonymous_6)
FN:12,(anonymous_7)
FN:17,(anonymous_8)
FN:19,(anonymous_9)
FN:45,(anonymous_10)
FN:46,(anonymous_11)
FN:54,(anonymous_12)
FN:56,(anonymous_13)
FN:57,(anonymous_14)
FNF:9
FNH:0
FNDA:0,(anonymous_6)
FNDA:0,(anonymous_7)
FNDA:0,(anonymous_8)
FNDA:0,(anonymous_9)
FNDA:0,(anonymous_10)
FNDA:0,(anonymous_11)
FNDA:0,(anonymous_12)
FNDA:0,(anonymous_13)
FNDA:0,(anonymous_14)
DA:1,0
DA:2,0
DA:3,0
DA:9,0
DA:10,0
DA:12,0
DA:13,0
DA:16,0
DA:17,0
DA:19,0
DA:24,0
DA:25,0
DA:26,0
DA:29,0
DA:31,0
DA:38,0
DA:42,0
DA:45,0
DA:46,0
DA:49,0
DA:54,0
DA:56,0
DA:57,0
DA:62,0
DA:72,0
DA:79,0
LF:26
LH:0
BRDA:13,0,0,0
BRDA:13,1,0,0
BRDA:13,1,1,0
BRDA:17,2,0,0
BRDA:17,2,1,0
BRDA:17,2,2,0
BRDA:46,3,0,0
BRDA:46,3,1,0
BRDA:54,4,0,0
BRDA:54,4,1,0
BRF:10
BRH:0
end_of_record
TN:
SF:src/components/visualizations/WebMetricsHighcharts.tsx
FN:9,(anonymous_1)
FN:10,(anonymous_2)
FN:12,(anonymous_3)
FNF:3
FNH:0
FNDA:0,(anonymous_1)
FNDA:0,(anonymous_2)
FNDA:0,(anonymous_3)
DA:1,0
DA:2,0
DA:3,0
DA:9,0
DA:10,0
DA:11,0
DA:12,0
DA:18,0
DA:55,0
LF:9
LH:0
BRDA:11,0,0,0
BRDA:11,0,1,0
BRDA:11,0,2,0
BRDA:11,0,3,0
BRDA:14,1,0,0
BRDA:14,1,1,0
BRDA:14,2,0,0
BRDA:14,2,1,0
BRDA:15,3,0,0
BRDA:15,3,1,0
BRDA:15,4,0,0
BRDA:15,4,1,0
BRF:12
BRH:0
end_of_record
TN:
SF:src/components/visualizations/WebMetricsP5.tsx
FN:16,(anonymous_1)
FN:39,(anonymous_2)
FN:45,(anonymous_3)
FN:46,(anonymous_4)
FN:60,(anonymous_5)
FN:67,(anonymous_6)
FN:78,(anonymous_7)
FN:103,(anonymous_8)
FNF:8
FNH:0
FNDA:0,(anonymous_1)
FNDA:0,(anonymous_2)
FNDA:0,(anonymous_3)
FNDA:0,(anonymous_4)
FNDA:0,(anonymous_5)
FNDA:0,(anonymous_6)
FNDA:0,(anonymous_7)
FNDA:0,(anonymous_8)
DA:2,0
DA:4,0
DA:16,0
DA:23,0
DA:25,0
DA:32,0
DA:39,0
DA:40,0
DA:41,0
DA:44,0
DA:45,0
DA:46,0
DA:47,0
DA:50,0
DA:60,0
DA:61,0
DA:62,0
DA:65,0
DA:66,0
DA:67,0
DA:68,0
DA:69,0
DA:78,0
DA:79,0
DA:80,0
DA:83,0
DA:86,0
DA:87,0
DA:88,0
DA:89,0
DA:90,0
DA:94,0
DA:95,0
DA:96,0
DA:97,0
DA:100,0
DA:101,0
DA:102,0
DA:103,0
DA:104,0
DA:105,0
DA:106,0
DA:107,0
DA:108,0
DA:112,0
DA:113,0
DA:114,0
DA:117,0
LF:48
LH:0
BRDA:46,0,0,0
BRDA:46,0,1,0
BRDA:46,1,0,0
BRDA:46,1,1,0
BRDA:46,2,0,0
BRDA:46,2,1,0
BRDA:52,3,0,0
BRDA:52,3,1,0
BRDA:52,4,0,0
BRDA:52,4,1,0
BRDA:86,5,0,0
BRDA:86,6,0,0
BRDA:86,6,1,0
BRDA:87,7,0,0
BRDA:87,7,1,0
BRDA:95,8,0,0
BRDA:95,8,1,0
BRDA:103,9,0,0
BRDA:103,9,1,0
BRDA:103,10,0,0
BRDA:103,10,1,0
BRDA:103,11,0,0
BRDA:103,11,1,0
BRDA:106,12,0,0
BRDA:106,12,1,0
BRDA:106,13,0,0
BRDA:106,13,1,0
BRF:27
BRH:0
end_of_record
TN:
SF:src/components/web-tools/ConsoleOutput.tsx
FN:8,(anonymous_0)
FN:9,(anonymous_1)
FN:14,(anonymous_2)
FN:45,(anonymous_3)
FNF:4
FNH:0
FNDA:0,(anonymous_0)
FNDA:0,(anonymous_1)
FNDA:0,(anonymous_2)
FNDA:0,(anonymous_3)
DA:1,0
DA:2,0
DA:8,0
DA:9,0
DA:11,0
DA:14,0
DA:15,0
DA:16,0
DA:17,0
DA:18,0
DA:19,0
DA:23,0
DA:24,0
DA:25,0
DA:26,0
DA:35,0
DA:38,0
DA:46,0
LF:18
LH:0
BRDA:15,0,0,0
BRDA:16,1,0,0
BRDA:17,2,0,0
BRDA:18,3,0,0
BRDA:23,4,0,0
BRF:5
BRH:0
end_of_record
TN:
SF:src/components/web-tools/MetricsDisplay.tsx
FN:10,(anonymous_0)
FN:11,(anonymous_1)
FN:22,(anonymous_2)
FN:24,(anonymous_3)
FN:28,(anonymous_4)
FN:42,(anonymous_5)
FN:49,(anonymous_6)
FNF:7
FNH:0
FNDA:0,(anonymous_0)
FNDA:0,(anonymous_1)
FNDA:0,(anonymous_2)
FNDA:0,(anonymous_3)
FNDA:0,(anonymous_4)
FNDA:0,(anonymous_5)
FNDA:0,(anonymous_6)
DA:1,0
DA:2,0
DA:3,0
DA:4,0
DA:10,0
DA:11,0
DA:12,0
DA:22,0
DA:24,0
DA:28,0
DA:29,0
DA:30,0
DA:31,0
DA:34,0
DA:43,0
DA:50,0
LF:16
LH:0
BRDA:29,0,0,0
BRDA:29,1,0,0
BRDA:29,1,1,0
BRDA:30,2,0,0
BRDA:30,3,0,0
BRDA:30,3,1,0
BRF:6
BRH:0
end_of_record
TN:
SF:src/components/web-tools/WebMetricsForm.tsx
FN:11,(anonymous_0)
FN:14,(anonymous_1)
FN:30,(anonymous_2)
FNF:3
FNH:0
FNDA:0,(anonymous_0)
FNDA:0,(anonymous_1)
FNDA:0,(anonymous_2)
DA:1,0
DA:2,0
DA:3,0
DA:4,0
DA:11,0
DA:12,0
DA:14,0
DA:15,0
DA:16,0
DA:19,0
DA:30,0
LF:11
LH:0
BRDA:35,0,0,0
BRDA:35,0,1,0
BRF:2
BRH:0
end_of_record
TN:
SF:src/hooks/use-mobile.tsx
FN:5,useIsMobile
FN:8,(anonymous_7)
FN:10,(anonymous_8)
FN:15,(anonymous_9)
FNF:4
FNH:0
FNDA:0,useIsMobile
FNDA:0,(anonymous_7)
FNDA:0,(anonymous_8)
FNDA:0,(anonymous_9)
DA:1,0
DA:3,0
DA:5,0
DA:6,0
DA:8,0
DA:9,0
DA:10,0
DA:11,0
DA:13,0
DA:14,0
DA:15,0
DA:18,0
LF:12
LH:0
BRF:0
BRH:0
end_of_record
TN:
SF:src/hooks/use-toast.ts
FN:27,genId
FN:58,(anonymous_8)
FN:63,(anonymous_9)
FN:74,(anonymous_10)
FN:85,(anonymous_11)
FN:98,(anonymous_12)
FN:105,(anonymous_13)
FN:124,(anonymous_14)
FN:133,dispatch
FN:135,(anonymous_16)
FN:142,toast
FN:145,(anonymous_18)
FN:150,(anonymous_19)
FN:158,(anonymous_20)
FN:171,useToast
FN:174,(anonymous_22)
FN:176,(anonymous_23)
FN:187,(anonymous_24)
FNF:18
FNH:0
FNDA:0,genId
FNDA:0,(anonymous_8)
FNDA:0,(anonymous_9)
FNDA:0,(anonymous_10)
FNDA:0,(anonymous_11)
FNDA:0,(anonymous_12)
FNDA:0,(anonymous_13)
FNDA:0,(anonymous_14)
FNDA:0,dispatch
FNDA:0,(anonymous_16)
FNDA:0,toast
FNDA:0,(anonymous_18)
FNDA:0,(anonymous_19)
FNDA:0,(anonymous_20)
FNDA:0,useToast
FNDA:0,(anonymous_22)
FNDA:0,(anonymous_23)
FNDA:0,(anonymous_24)
DA:1,0
DA:8,0
DA:9,0
DA:18,0
DA:25,0
DA:28,0
DA:29,0
DA:56,0
DA:58,0
DA:59,0
DA:60,0
DA:63,0
DA:64,0
DA:65,0
DA:71,0
DA:74,0
DA:75,0
DA:77,0
DA:83,0
DA:86,0
DA:91,0
DA:95,0
DA:96,0
DA:98,0
DA:99,0
DA:103,0
DA:106,0
DA:116,0
DA:117,0
DA:122,0
DA:124,0
DA:129,0
DA:131,0
DA:134,0
DA:135,0
DA:136,0
DA:142,0
DA:143,0
DA:145,0
DA:146,0
DA:150,0
DA:152,0
DA:159,0
DA:164,0
DA:172,0
DA:174,0
DA:175,0
DA:176,0
DA:177,0
DA:178,0
DA:179,0
DA:184,0
DA:187,0
DA:191,0
LF:54
LH:0
BRDA:59,0,0,0
BRDA:75,1,0,0
BRDA:75,1,1,0
BRDA:75,1,2,0
BRDA:75,1,3,0
BRDA:86,2,0,0
BRDA:86,2,1,0
BRDA:95,3,0,0
BRDA:95,3,1,0
BRDA:106,4,0,0
BRDA:106,4,1,0
BRDA:106,5,0,0
BRDA:106,5,1,0
BRDA:116,6,0,0
BRDA:159,7,0,0
BRDA:178,8,0,0
BRF:16
BRH:0
end_of_record
TN:
SF:src/integrations/supabase/client.ts
FNF:0
FNH:0
DA:2,0
DA:5,0
DA:6,0
DA:11,0
LF:4
LH:0
BRF:0
BRH:0
end_of_record
TN:
SF:src/lib/utils.ts
FN:4,cn
FNF:1
FNH:0
FNDA:0,cn
DA:1,0
DA:2,0
DA:4,0
DA:5,0
LF:4
LH:0
BRF:0
BRH:0
end_of_record
TN:
SF:src/pages/Index.tsx
FN:9,(anonymous_0)
FNF:1
FNH:0
FNDA:0,(anonymous_0)
DA:1,0
DA:2,0
DA:3,0
DA:4,0
DA:5,0
DA:9,0
DA:10,0
DA:35,0
LF:8
LH:0
BRF:0
BRH:0
end_of_record
TN:
SF:src/pages/Repositories.tsx
FN:5,(anonymous_0)
FNF:1
FNH:0
FNDA:0,(anonymous_0)
DA:1,0
DA:2,0
DA:3,0
DA:5,0
DA:6,0
DA:24,0
LF:6
LH:0
BRF:0
BRH:0
end_of_record
TN:
SF:src/pages/WebTools.tsx
FN:8,(anonymous_0)
FN:13,(anonymous_1)
FN:29,(anonymous_2)
FNF:3
FNH:0
FNDA:0,(anonymous_0)
FNDA:0,(anonymous_1)
FNDA:0,(anonymous_2)
DA:1,0
DA:2,0
DA:3,0
DA:4,0
DA:5,0
DA:6,0
DA:8,0
DA:9,0
DA:10,0
DA:11,0
DA:13,0
DA:14,0
DA:15,0
DA:17,0
DA:26,0
DA:27,0
DA:29,0
DA:31,0
DA:35,0
DA:57,0
LF:20
LH:0
BRF:0
BRH:0
end_of_record
